<?xml version="1.0" encoding="UTF-8"?>
<!-- Generated by org.testng.reporters.JUnitXMLReporter -->
<testsuite hostname="MDs-MacBook-Air.fios-router.home" ignored="0" name="Automation-Test" tests="10" failures="1" timestamp="26 Dec 2019 23:09:18 GMT" time="4.205" errors="0">
  <testcase name="@BeforeMethod setupbrowser" time="0.0" classname="Base.MVNconfig">
    <failure type="org.openqa.selenium.SessionNotCreatedException" message="session not created: This version of ChromeDriver only supports Chrome version 77
Build info: version: &amp;apos;3.141.59&amp;apos;, revision: &amp;apos;e82be7d358&amp;apos;, time: &amp;apos;2018-11-14T08:17:03&amp;apos;
System info: host: &amp;apos;MDs-MacBook-Air.fios-router.home&amp;apos;, ip: &amp;apos;fe80:0:0:0:18ab:43e7:3cff:7183%en0&amp;apos;, os.name: &amp;apos;Mac OS X&amp;apos;, os.arch: &amp;apos;x86_64&amp;apos;, os.version: &amp;apos;10.15.2&amp;apos;, java.version: &amp;apos;1.8.0_221&amp;apos;
Driver info: driver.version: ChromeDriver
remote stacktrace: 0   chromedriver                        0x0000000105930f09 chromedriver + 3694345
1   chromedriver                        0x00000001058bdfd3 chromedriver + 3223507
2   chromedriver                        0x000000010565d58f chromedriver + 730511
3   chromedriver                        0x00000001055c310b chromedriver + 98571
4   chromedriver                        0x00000001055bf22a chromedriver + 82474
5   chromedriver                        0x00000001055ecb71 chromedriver + 269169
6   chromedriver                        0x00000001055e9e83 chromedriver + 257667
7   chromedriver                        0x00000001055c523d chromedriver + 107069
8   chromedriver                        0x00000001055c61d5 chromedriver + 111061
9   chromedriver                        0x00000001058ec07f chromedriver + 3412095
10  chromedriver                        0x00000001058f8ced chromedriver + 3464429
11  chromedriver                        0x00000001058f8a78 chromedriver + 3463800
12  chromedriver                        0x00000001058cb959 chromedriver + 3279193
13  chromedriver                        0x00000001058f9548 chromedriver + 3466568
14  chromedriver                        0x00000001058e01b7 chromedriver + 3363255
15  chromedriver                        0x0000000105917474 chromedriver + 3589236
16  chromedriver                        0x0000000105936ce7 chromedriver + 3718375
17  libsystem_pthread.dylib             0x00007fff7398ae65 _pthread_start + 148
18  libsystem_pthread.dylib             0x00007fff7398683b thread_start + 15
">
      <![CDATA[org.openqa.selenium.SessionNotCreatedException: session not created: This version of ChromeDriver only supports Chrome version 77
Build info: version: '3.141.59', revision: 'e82be7d358', time: '2018-11-14T08:17:03'
System info: host: 'MDs-MacBook-Air.fios-router.home', ip: 'fe80:0:0:0:18ab:43e7:3cff:7183%en0', os.name: 'Mac OS X', os.arch: 'x86_64', os.version: '10.15.2', java.version: '1.8.0_221'
Driver info: driver.version: ChromeDriver
remote stacktrace: 0   chromedriver                        0x0000000105930f09 chromedriver + 3694345
1   chromedriver                        0x00000001058bdfd3 chromedriver + 3223507
2   chromedriver                        0x000000010565d58f chromedriver + 730511
3   chromedriver                        0x00000001055c310b chromedriver + 98571
4   chromedriver                        0x00000001055bf22a chromedriver + 82474
5   chromedriver                        0x00000001055ecb71 chromedriver + 269169
6   chromedriver                        0x00000001055e9e83 chromedriver + 257667
7   chromedriver                        0x00000001055c523d chromedriver + 107069
8   chromedriver                        0x00000001055c61d5 chromedriver + 111061
9   chromedriver                        0x00000001058ec07f chromedriver + 3412095
10  chromedriver                        0x00000001058f8ced chromedriver + 3464429
11  chromedriver                        0x00000001058f8a78 chromedriver + 3463800
12  chromedriver                        0x00000001058cb959 chromedriver + 3279193
13  chromedriver                        0x00000001058f9548 chromedriver + 3466568
14  chromedriver                        0x00000001058e01b7 chromedriver + 3363255
15  chromedriver                        0x0000000105917474 chromedriver + 3589236
16  chromedriver                        0x0000000105936ce7 chromedriver + 3718375
17  libsystem_pthread.dylib             0x00007fff7398ae65 _pthread_start + 148
18  libsystem_pthread.dylib             0x00007fff7398683b thread_start + 15

	at org.openqa.selenium.remote.W3CHandshakeResponse.lambda$errorHandler$0(W3CHandshakeResponse.java:62)
	at org.openqa.selenium.remote.HandshakeResponse.lambda$getResponseFunction$0(HandshakeResponse.java:30)
	at org.openqa.selenium.remote.ProtocolHandshake.lambda$createSession$0(ProtocolHandshake.java:126)
	at java.util.stream.ReferencePipeline$3$1.accept(ReferencePipeline.java:193)
	at java.util.Spliterators$ArraySpliterator.tryAdvance(Spliterators.java:958)
	at java.util.stream.ReferencePipeline.forEachWithCancel(ReferencePipeline.java:126)
	at java.util.stream.AbstractPipeline.copyIntoWithCancel(AbstractPipeline.java:499)
	at java.util.stream.AbstractPipeline.copyInto(AbstractPipeline.java:486)
	at java.util.stream.AbstractPipeline.wrapAndCopyInto(AbstractPipeline.java:472)
	at java.util.stream.FindOps$FindOp.evaluateSequential(FindOps.java:152)
	at java.util.stream.AbstractPipeline.evaluate(AbstractPipeline.java:234)
	at java.util.stream.ReferencePipeline.findFirst(ReferencePipeline.java:464)
	at org.openqa.selenium.remote.ProtocolHandshake.createSession(ProtocolHandshake.java:128)
	at org.openqa.selenium.remote.ProtocolHandshake.createSession(ProtocolHandshake.java:74)
	at org.openqa.selenium.remote.HttpCommandExecutor.execute(HttpCommandExecutor.java:136)
	at org.openqa.selenium.remote.service.DriverCommandExecutor.execute(DriverCommandExecutor.java:83)
	at org.openqa.selenium.remote.RemoteWebDriver.execute(RemoteWebDriver.java:552)
	at org.openqa.selenium.remote.RemoteWebDriver.startSession(RemoteWebDriver.java:213)
	at org.openqa.selenium.remote.RemoteWebDriver.<init>(RemoteWebDriver.java:131)
	at org.openqa.selenium.chrome.ChromeDriver.<init>(ChromeDriver.java:181)
	at org.openqa.selenium.chrome.ChromeDriver.<init>(ChromeDriver.java:168)
	at org.openqa.selenium.chrome.ChromeDriver.<init>(ChromeDriver.java:123)
	at Base.MVNconfig.setupbrowser(MVNconfig.java:23)
	at java.util.concurrent.FutureTask.run(FutureTask.java:266)
	at java.util.concurrent.ThreadPoolExecutor.runWorker(ThreadPoolExecutor.java:1149)
	at java.util.concurrent.ThreadPoolExecutor$Worker.run(ThreadPoolExecutor.java:624)
	at java.lang.Thread.run(Thread.java:748)
... Removed 22 stack frames]]>
    </failure>
  </testcase> <!-- @BeforeMethod setupbrowser -->
  <testcase name="@AfterMethod closebrower" time="0.0" classname="Base.MVNconfig">
    <failure type="java.lang.NullPointerException">
      <![CDATA[java.lang.NullPointerException
	at Base.MVNconfig.closebrower(MVNconfig.java:42)
	at java.util.concurrent.FutureTask.run(FutureTask.java:266)
	at java.util.concurrent.ThreadPoolExecutor.runWorker(ThreadPoolExecutor.java:1149)
	at java.util.concurrent.ThreadPoolExecutor$Worker.run(ThreadPoolExecutor.java:624)
	at java.lang.Thread.run(Thread.java:748)
... Removed 18 stack frames]]>
    </failure>
  </testcase> <!-- @AfterMethod closebrower -->
  <testcase name="@BeforeMethod setupbrowser" time="0.0" classname="Base.MVNconfig">
    <failure type="org.openqa.selenium.SessionNotCreatedException" message="session not created: This version of ChromeDriver only supports Chrome version 77
Build info: version: &amp;apos;3.141.59&amp;apos;, revision: &amp;apos;e82be7d358&amp;apos;, time: &amp;apos;2018-11-14T08:17:03&amp;apos;
System info: host: &amp;apos;MDs-MacBook-Air.fios-router.home&amp;apos;, ip: &amp;apos;fe80:0:0:0:18ab:43e7:3cff:7183%en0&amp;apos;, os.name: &amp;apos;Mac OS X&amp;apos;, os.arch: &amp;apos;x86_64&amp;apos;, os.version: &amp;apos;10.15.2&amp;apos;, java.version: &amp;apos;1.8.0_221&amp;apos;
Driver info: driver.version: ChromeDriver
remote stacktrace: 0   chromedriver                        0x0000000102d10f09 chromedriver + 3694345
1   chromedriver                        0x0000000102c9dfd3 chromedriver + 3223507
2   chromedriver                        0x0000000102a3d58f chromedriver + 730511
3   chromedriver                        0x00000001029a310b chromedriver + 98571
4   chromedriver                        0x000000010299f22a chromedriver + 82474
5   chromedriver                        0x00000001029ccb71 chromedriver + 269169
6   chromedriver                        0x00000001029c9e83 chromedriver + 257667
7   chromedriver                        0x00000001029a523d chromedriver + 107069
8   chromedriver                        0x00000001029a61d5 chromedriver + 111061
9   chromedriver                        0x0000000102ccc07f chromedriver + 3412095
10  chromedriver                        0x0000000102cd8ced chromedriver + 3464429
11  chromedriver                        0x0000000102cd8a78 chromedriver + 3463800
12  chromedriver                        0x0000000102cab959 chromedriver + 3279193
13  chromedriver                        0x0000000102cd9548 chromedriver + 3466568
14  chromedriver                        0x0000000102cc01b7 chromedriver + 3363255
15  chromedriver                        0x0000000102cf7474 chromedriver + 3589236
16  chromedriver                        0x0000000102d16ce7 chromedriver + 3718375
17  libsystem_pthread.dylib             0x00007fff7398ae65 _pthread_start + 148
18  libsystem_pthread.dylib             0x00007fff7398683b thread_start + 15
">
      <![CDATA[org.openqa.selenium.SessionNotCreatedException: session not created: This version of ChromeDriver only supports Chrome version 77
Build info: version: '3.141.59', revision: 'e82be7d358', time: '2018-11-14T08:17:03'
System info: host: 'MDs-MacBook-Air.fios-router.home', ip: 'fe80:0:0:0:18ab:43e7:3cff:7183%en0', os.name: 'Mac OS X', os.arch: 'x86_64', os.version: '10.15.2', java.version: '1.8.0_221'
Driver info: driver.version: ChromeDriver
remote stacktrace: 0   chromedriver                        0x0000000102d10f09 chromedriver + 3694345
1   chromedriver                        0x0000000102c9dfd3 chromedriver + 3223507
2   chromedriver                        0x0000000102a3d58f chromedriver + 730511
3   chromedriver                        0x00000001029a310b chromedriver + 98571
4   chromedriver                        0x000000010299f22a chromedriver + 82474
5   chromedriver                        0x00000001029ccb71 chromedriver + 269169
6   chromedriver                        0x00000001029c9e83 chromedriver + 257667
7   chromedriver                        0x00000001029a523d chromedriver + 107069
8   chromedriver                        0x00000001029a61d5 chromedriver + 111061
9   chromedriver                        0x0000000102ccc07f chromedriver + 3412095
10  chromedriver                        0x0000000102cd8ced chromedriver + 3464429
11  chromedriver                        0x0000000102cd8a78 chromedriver + 3463800
12  chromedriver                        0x0000000102cab959 chromedriver + 3279193
13  chromedriver                        0x0000000102cd9548 chromedriver + 3466568
14  chromedriver                        0x0000000102cc01b7 chromedriver + 3363255
15  chromedriver                        0x0000000102cf7474 chromedriver + 3589236
16  chromedriver                        0x0000000102d16ce7 chromedriver + 3718375
17  libsystem_pthread.dylib             0x00007fff7398ae65 _pthread_start + 148
18  libsystem_pthread.dylib             0x00007fff7398683b thread_start + 15

	at org.openqa.selenium.remote.W3CHandshakeResponse.lambda$errorHandler$0(W3CHandshakeResponse.java:62)
	at org.openqa.selenium.remote.HandshakeResponse.lambda$getResponseFunction$0(HandshakeResponse.java:30)
	at org.openqa.selenium.remote.ProtocolHandshake.lambda$createSession$0(ProtocolHandshake.java:126)
	at java.util.stream.ReferencePipeline$3$1.accept(ReferencePipeline.java:193)
	at java.util.Spliterators$ArraySpliterator.tryAdvance(Spliterators.java:958)
	at java.util.stream.ReferencePipeline.forEachWithCancel(ReferencePipeline.java:126)
	at java.util.stream.AbstractPipeline.copyIntoWithCancel(AbstractPipeline.java:499)
	at java.util.stream.AbstractPipeline.copyInto(AbstractPipeline.java:486)
	at java.util.stream.AbstractPipeline.wrapAndCopyInto(AbstractPipeline.java:472)
	at java.util.stream.FindOps$FindOp.evaluateSequential(FindOps.java:152)
	at java.util.stream.AbstractPipeline.evaluate(AbstractPipeline.java:234)
	at java.util.stream.ReferencePipeline.findFirst(ReferencePipeline.java:464)
	at org.openqa.selenium.remote.ProtocolHandshake.createSession(ProtocolHandshake.java:128)
	at org.openqa.selenium.remote.ProtocolHandshake.createSession(ProtocolHandshake.java:74)
	at org.openqa.selenium.remote.HttpCommandExecutor.execute(HttpCommandExecutor.java:136)
	at org.openqa.selenium.remote.service.DriverCommandExecutor.execute(DriverCommandExecutor.java:83)
	at org.openqa.selenium.remote.RemoteWebDriver.execute(RemoteWebDriver.java:552)
	at org.openqa.selenium.remote.RemoteWebDriver.startSession(RemoteWebDriver.java:213)
	at org.openqa.selenium.remote.RemoteWebDriver.<init>(RemoteWebDriver.java:131)
	at org.openqa.selenium.chrome.ChromeDriver.<init>(ChromeDriver.java:181)
	at org.openqa.selenium.chrome.ChromeDriver.<init>(ChromeDriver.java:168)
	at org.openqa.selenium.chrome.ChromeDriver.<init>(ChromeDriver.java:123)
	at Base.MVNconfig.setupbrowser(MVNconfig.java:23)
	at java.util.concurrent.FutureTask.run(FutureTask.java:266)
	at java.util.concurrent.ThreadPoolExecutor.runWorker(ThreadPoolExecutor.java:1149)
	at java.util.concurrent.ThreadPoolExecutor$Worker.run(ThreadPoolExecutor.java:624)
	at java.lang.Thread.run(Thread.java:748)
... Removed 22 stack frames]]>
    </failure>
  </testcase> <!-- @BeforeMethod setupbrowser -->
  <testcase name="@AfterMethod closebrower" time="0.0" classname="Base.MVNconfig">
    <failure type="java.lang.NullPointerException">
      <![CDATA[java.lang.NullPointerException
	at Base.MVNconfig.closebrower(MVNconfig.java:42)
	at java.util.concurrent.FutureTask.run(FutureTask.java:266)
	at java.util.concurrent.ThreadPoolExecutor.runWorker(ThreadPoolExecutor.java:1149)
	at java.util.concurrent.ThreadPoolExecutor$Worker.run(ThreadPoolExecutor.java:624)
	at java.lang.Thread.run(Thread.java:748)
... Removed 18 stack frames]]>
    </failure>
  </testcase> <!-- @AfterMethod closebrower -->
  <testcase name="AddToCart" time="0.002" classname="AmazonTest.amazonCartTest">
    <skipped/>
  </testcase> <!-- AddToCart -->
  <testcase name="AzHomepage" time="0.011" classname="AmazonTest.AmazonHomepage$AmazonHmPage">
    <failure type="java.lang.NullPointerException">
      <![CDATA[java.lang.NullPointerException
	at AmazonTest.AmazonHomepage$AmazonHmPage.AzHomepage(AmazonHomepage.java:33)
	at java.util.concurrent.FutureTask.run(FutureTask.java:266)
	at java.util.concurrent.ThreadPoolExecutor.runWorker(ThreadPoolExecutor.java:1149)
	at java.util.concurrent.ThreadPoolExecutor$Worker.run(ThreadPoolExecutor.java:624)
	at java.lang.Thread.run(Thread.java:748)
... Removed 16 stack frames]]>
    </failure>
  </testcase> <!-- AzHomepage -->
  <testcase name="AzLogin" time="0.005" classname="AmazonTest.AmazonHomepage$AmazonHmPage"/>
  <testcase name="amazonlogoTest" time="0.001" classname="AmazonTest.AmazonHomepage$AmazonHmPage"/>
  <testcase name="demo" time="0.001" classname="AmazonTest.AmazonHomepage$AmazonHmPage"/>
  <testcase name="demo2" time="0.001" classname="AmazonTest.AmazonHomepage$AmazonHmPage"/>
  <testcase name="demo3" time="0.012" classname="AmazonTest.AmazonHomepage$AmazonHmPage"/>
  <testcase name="demo4" time="0.001" classname="AmazonTest.AmazonHomepage$AmazonHmPage"/>
  <testcase name="tittle" time="0.004" classname="AmazonTest.AmazonHomepage$AmazonHmPage"/>
  <testcase name="azSignIn" time="0.001" classname="AmazonTest.AmazonSignin">
    <skipped/>
  </testcase> <!-- azSignIn -->
</testsuite> <!-- Automation-Test -->
