<?xml version="1.0" encoding="UTF-8"?>
<!-- Generated by org.testng.reporters.JUnitXMLReporter -->
<testsuite hostname="MDs-MacBook-Air.fios-router.home" ignored="0" name="Test1" tests="10" failures="1" timestamp="2019-12-26T18:02:43 EST" time="0.259" errors="0">
  <testcase name="@BeforeMethod setupbrowser" time="0.088" classname="Base.MVNconfig">
    <failure type="java.lang.IllegalStateException" message="The driver is not executable: /Users/jewel/git/MavenRepo/MavenFramework001/Drivers/chromedriver-2">
      <![CDATA[java.lang.IllegalStateException: The driver is not executable: /Users/jewel/git/MavenRepo/MavenFramework001/Drivers/chromedriver-2
at com.google.common.base.Preconditions.checkState(Preconditions.java:585)
at org.openqa.selenium.remote.service.DriverService.checkExecutable(DriverService.java:150)
at org.openqa.selenium.remote.service.DriverService.findExecutable(DriverService.java:141)
at org.openqa.selenium.chrome.ChromeDriverService.access$000(ChromeDriverService.java:35)
at org.openqa.selenium.chrome.ChromeDriverService$Builder.findDefaultExecutable(ChromeDriverService.java:159)
at org.openqa.selenium.remote.service.DriverService$Builder.build(DriverService.java:355)
at org.openqa.selenium.chrome.ChromeDriverService.createDefaultService(ChromeDriverService.java:94)
at org.openqa.selenium.chrome.ChromeDriver.<init>(ChromeDriver.java:123)
at Base.MVNconfig.setupbrowser(MVNconfig.java:23)
at java.util.ArrayList.forEach(ArrayList.java:1257)
at java.util.concurrent.FutureTask.run(FutureTask.java:266)
at java.util.concurrent.ThreadPoolExecutor.runWorker(ThreadPoolExecutor.java:1149)
at java.util.concurrent.ThreadPoolExecutor$Worker.run(ThreadPoolExecutor.java:624)
at java.lang.Thread.run(Thread.java:748)
... Removed 22 stack frames]]>
    </failure>
  </testcase> <!-- @BeforeMethod setupbrowser -->
  <testcase name="@AfterMethod closebrower" time="0.0" classname="Base.MVNconfig">
    <failure type="java.lang.NullPointerException">
      <![CDATA[java.lang.NullPointerException
at Base.MVNconfig.closebrower(MVNconfig.java:42)
at java.util.ArrayList.forEach(ArrayList.java:1257)
at java.util.concurrent.FutureTask.run(FutureTask.java:266)
at java.util.concurrent.ThreadPoolExecutor.runWorker(ThreadPoolExecutor.java:1149)
at java.util.concurrent.ThreadPoolExecutor$Worker.run(ThreadPoolExecutor.java:624)
at java.lang.Thread.run(Thread.java:748)
... Removed 23 stack frames]]>
    </failure>
  </testcase> <!-- @AfterMethod closebrower -->
  <testcase name="@BeforeMethod setupbrowser" time="0.003" classname="Base.MVNconfig">
    <failure type="java.lang.IllegalStateException" message="The driver is not executable: /Users/jewel/git/MavenRepo/MavenFramework001/Drivers/chromedriver-2">
      <![CDATA[java.lang.IllegalStateException: The driver is not executable: /Users/jewel/git/MavenRepo/MavenFramework001/Drivers/chromedriver-2
at com.google.common.base.Preconditions.checkState(Preconditions.java:585)
at org.openqa.selenium.remote.service.DriverService.checkExecutable(DriverService.java:150)
at org.openqa.selenium.remote.service.DriverService.findExecutable(DriverService.java:141)
at org.openqa.selenium.chrome.ChromeDriverService.access$000(ChromeDriverService.java:35)
at org.openqa.selenium.chrome.ChromeDriverService$Builder.findDefaultExecutable(ChromeDriverService.java:159)
at org.openqa.selenium.remote.service.DriverService$Builder.build(DriverService.java:355)
at org.openqa.selenium.chrome.ChromeDriverService.createDefaultService(ChromeDriverService.java:94)
at org.openqa.selenium.chrome.ChromeDriver.<init>(ChromeDriver.java:123)
at Base.MVNconfig.setupbrowser(MVNconfig.java:23)
at java.util.ArrayList.forEach(ArrayList.java:1257)
at java.util.concurrent.FutureTask.run(FutureTask.java:266)
at java.util.concurrent.ThreadPoolExecutor.runWorker(ThreadPoolExecutor.java:1149)
at java.util.concurrent.ThreadPoolExecutor$Worker.run(ThreadPoolExecutor.java:624)
at java.lang.Thread.run(Thread.java:748)
... Removed 22 stack frames]]>
    </failure>
  </testcase> <!-- @BeforeMethod setupbrowser -->
  <testcase name="@AfterMethod closebrower" time="0.001" classname="Base.MVNconfig">
    <failure type="java.lang.NullPointerException">
      <![CDATA[java.lang.NullPointerException
at Base.MVNconfig.closebrower(MVNconfig.java:42)
at java.util.ArrayList.forEach(ArrayList.java:1257)
at java.util.concurrent.FutureTask.run(FutureTask.java:266)
at java.util.concurrent.ThreadPoolExecutor.runWorker(ThreadPoolExecutor.java:1149)
at java.util.concurrent.ThreadPoolExecutor$Worker.run(ThreadPoolExecutor.java:624)
at java.lang.Thread.run(Thread.java:748)
... Removed 23 stack frames]]>
    </failure>
  </testcase> <!-- @AfterMethod closebrower -->
  <testcase name="AddToCart" time="0.0" classname="AmazonTest.amazonCartTest">
    <skipped/>
  </testcase> <!-- AddToCart -->
  <testcase name="AzHomepage" time="0.013" classname="AmazonTest.AmazonHomepage$AmazonHmPage">
    <failure type="java.lang.NullPointerException">
      <![CDATA[java.lang.NullPointerException
at AmazonTest.AmazonHomepage$AmazonHmPage.AzHomepage(AmazonHomepage.java:33)
at java.util.ArrayList.forEach(ArrayList.java:1257)
at java.util.concurrent.FutureTask.run(FutureTask.java:266)
at java.util.concurrent.ThreadPoolExecutor.runWorker(ThreadPoolExecutor.java:1149)
at java.util.concurrent.ThreadPoolExecutor$Worker.run(ThreadPoolExecutor.java:624)
at java.lang.Thread.run(Thread.java:748)
... Removed 18 stack frames]]>
    </failure>
  </testcase> <!-- AzHomepage -->
  <testcase name="AzLogin" time="0.009" classname="AmazonTest.AmazonHomepage$AmazonHmPage"/>
  <testcase name="amazonlogoTest" time="0.002" classname="AmazonTest.AmazonHomepage$AmazonHmPage"/>
  <testcase name="demo" time="0.005" classname="AmazonTest.AmazonHomepage$AmazonHmPage"/>
  <testcase name="demo2" time="0.002" classname="AmazonTest.AmazonHomepage$AmazonHmPage"/>
  <testcase name="demo3" time="0.004" classname="AmazonTest.AmazonHomepage$AmazonHmPage"/>
  <testcase name="demo4" time="0.001" classname="AmazonTest.AmazonHomepage$AmazonHmPage"/>
  <testcase name="tittle" time="0.002" classname="AmazonTest.AmazonHomepage$AmazonHmPage"/>
  <testcase name="azSignIn" time="0.0" classname="AmazonTest.AmazonSignin">
    <skipped/>
  </testcase> <!-- azSignIn -->
</testsuite> <!-- Test1 -->
