<!DOCTYPE html PUBLIC "-//W3C//DTD XHTML 1.1//EN" "http://www.w3.org/TR/xhtml11/DTD/xhtml11.dtd">
<html xmlns="http://www.w3.org/1999/xhtml"><head><title>TestNG Report</title><style type="text/css">table {margin-bottom:10px;border-collapse:collapse;empty-cells:show}th,td {border:1px solid #009;padding:.25em .5em}th {vertical-align:bottom}td {vertical-align:top}table a {font-weight:bold}.stripe td {background-color: #E6EBF9}.num {text-align:right}.passedodd td {background-color: #3F3}.passedeven td {background-color: #0A0}.skippedodd td {background-color: #DDD}.skippedeven td {background-color: #CCC}.failedodd td,.attn {background-color: #F33}.failedeven td,.stripe .attn {background-color: #D00}.stacktrace {white-space:pre;font-family:monospace}.totop {font-size:85%;text-align:center;border-bottom:2px solid #000}</style></head><body><table><tr><th>Test</th><th># Passed</th><th># Skipped</th><th># Failed</th><th>Time (ms)</th><th>Included Groups</th><th>Excluded Groups</th></tr><tr><th colspan="7">testng</th></tr><tr><td><a href="#t0">Automation-Test</a></td><td class="num">7</td><td class="num attn">2</td><td class="num attn">1</td><td class="num">4,205</td><td>Random, Regression, Smoke</td><td></td></tr></table><table><thead><tr><th>Class</th><th>Method</th><th>Start</th><th>Time (ms)</th></tr></thead><tbody><tr><th colspan="4">testng</th></tr></tbody><tbody id="t0"><tr><th colspan="4">Automation-Test &#8212; failed (configuration methods)</th></tr><tr class="failedeven"><td rowspan="2">AmazonTest.AmazonSignin</td><td><a href="#m0">closebrower</a></td><td rowspan="1">1577401758858</td><td rowspan="1">0</td></tr><tr class="failedeven"><td><a href="#m1">setupbrowser</a></td><td rowspan="1">1577401757403</td><td rowspan="1">0</td></tr><tr class="failedodd"><td rowspan="2">AmazonTest.amazonCartTest</td><td><a href="#m2">closebrower</a></td><td rowspan="1">1577401757338</td><td rowspan="1">0</td></tr><tr class="failedodd"><td><a href="#m3">setupbrowser</a></td><td rowspan="1">1577401754674</td><td rowspan="1">0</td></tr><tr><th colspan="4">Automation-Test &#8212; failed</th></tr><tr class="failedeven"><td rowspan="1">AmazonTest.AmazonHomepage$AmazonHmPage</td><td><a href="#m4">AzHomepage</a></td><td rowspan="1">1577401757342</td><td rowspan="1">11</td></tr><tr><th colspan="4">Automation-Test &#8212; skipped</th></tr><tr class="skippedeven"><td rowspan="1">AmazonTest.AmazonSignin</td><td><a href="#m5">azSignIn</a></td><td rowspan="1">1577401758842</td><td rowspan="1">1</td></tr><tr class="skippedodd"><td rowspan="1">AmazonTest.amazonCartTest</td><td><a href="#m6">AddToCart</a></td><td rowspan="1">1577401757332</td><td rowspan="1">2</td></tr><tr><th colspan="4">Automation-Test &#8212; passed</th></tr><tr class="passedeven"><td rowspan="7">AmazonTest.AmazonHomepage$AmazonHmPage</td><td><a href="#m7">AzLogin</a></td><td rowspan="1">1577401757356</td><td rowspan="1">5</td></tr><tr class="passedeven"><td><a href="#m8">amazonlogoTest</a></td><td rowspan="1">1577401757363</td><td rowspan="1">1</td></tr><tr class="passedeven"><td><a href="#m9">demo</a></td><td rowspan="1">1577401757370</td><td rowspan="1">1</td></tr><tr class="passedeven"><td><a href="#m10">demo2</a></td><td rowspan="1">1577401757373</td><td rowspan="1">1</td></tr><tr class="passedeven"><td><a href="#m11">demo3</a></td><td rowspan="1">1577401757375</td><td rowspan="1">12</td></tr><tr class="passedeven"><td><a href="#m12">demo4</a></td><td rowspan="1">1577401757391</td><td rowspan="1">1</td></tr><tr class="passedeven"><td><a href="#m13">tittle</a></td><td rowspan="1">1577401757397</td><td rowspan="1">4</td></tr></tbody></table><h2>Automation-Test</h2><h3 id="m0">AmazonTest.AmazonSignin#closebrower</h3><table class="result"><tr><th>Exception</th></tr><tr><td><div class="stacktrace">java.lang.NullPointerException
	at Base.MVNconfig.closebrower(MVNconfig.java:42)
	at java.util.concurrent.FutureTask.run(FutureTask.java:266)
	at java.util.concurrent.ThreadPoolExecutor.runWorker(ThreadPoolExecutor.java:1149)
	at java.util.concurrent.ThreadPoolExecutor$Worker.run(ThreadPoolExecutor.java:624)
	at java.lang.Thread.run(Thread.java:748)
... Removed 18 stack frames</div></td></tr></table><p class="totop"><a href="#summary">back to summary</a></p><h3 id="m1">AmazonTest.AmazonSignin#setupbrowser</h3><table class="result"><tr class="param"><th>Parameter #1</th></tr><tr class="param stripe"><td>chrome</td></tr><tr><th>Exception</th></tr><tr><td><div class="stacktrace">org.openqa.selenium.SessionNotCreatedException: session not created: This version of ChromeDriver only supports Chrome version 77
Build info: version: &apos;3.141.59&apos;, revision: &apos;e82be7d358&apos;, time: &apos;2018-11-14T08:17:03&apos;
System info: host: &apos;MDs-MacBook-Air.fios-router.home&apos;, ip: &apos;fe80:0:0:0:18ab:43e7:3cff:7183%en0&apos;, os.name: &apos;Mac OS X&apos;, os.arch: &apos;x86_64&apos;, os.version: &apos;10.15.2&apos;, java.version: &apos;1.8.0_221&apos;
Driver info: driver.version: ChromeDriver
remote stacktrace: 0   chromedriver                        0x0000000102d10f09 chromedriver + 3694345
1   chromedriver                        0x0000000102c9dfd3 chromedriver + 3223507
2   chromedriver                        0x0000000102a3d58f chromedriver + 730511
3   chromedriver                        0x00000001029a310b chromedriver + 98571
4   chromedriver                        0x000000010299f22a chromedriver + 82474
5   chromedriver                        0x00000001029ccb71 chromedriver + 269169
6   chromedriver                        0x00000001029c9e83 chromedriver + 257667
7   chromedriver                        0x00000001029a523d chromedriver + 107069
8   chromedriver                        0x00000001029a61d5 chromedriver + 111061
9   chromedriver                        0x0000000102ccc07f chromedriver + 3412095
10  chromedriver                        0x0000000102cd8ced chromedriver + 3464429
11  chromedriver                        0x0000000102cd8a78 chromedriver + 3463800
12  chromedriver                        0x0000000102cab959 chromedriver + 3279193
13  chromedriver                        0x0000000102cd9548 chromedriver + 3466568
14  chromedriver                        0x0000000102cc01b7 chromedriver + 3363255
15  chromedriver                        0x0000000102cf7474 chromedriver + 3589236
16  chromedriver                        0x0000000102d16ce7 chromedriver + 3718375
17  libsystem_pthread.dylib             0x00007fff7398ae65 _pthread_start + 148
18  libsystem_pthread.dylib             0x00007fff7398683b thread_start + 15

	at org.openqa.selenium.remote.W3CHandshakeResponse.lambda$errorHandler$0(W3CHandshakeResponse.java:62)
	at org.openqa.selenium.remote.HandshakeResponse.lambda$getResponseFunction$0(HandshakeResponse.java:30)
	at org.openqa.selenium.remote.ProtocolHandshake.lambda$createSession$0(ProtocolHandshake.java:126)
	at java.util.stream.ReferencePipeline$3$1.accept(ReferencePipeline.java:193)
	at java.util.Spliterators$ArraySpliterator.tryAdvance(Spliterators.java:958)
	at java.util.stream.ReferencePipeline.forEachWithCancel(ReferencePipeline.java:126)
	at java.util.stream.AbstractPipeline.copyIntoWithCancel(AbstractPipeline.java:499)
	at java.util.stream.AbstractPipeline.copyInto(AbstractPipeline.java:486)
	at java.util.stream.AbstractPipeline.wrapAndCopyInto(AbstractPipeline.java:472)
	at java.util.stream.FindOps$FindOp.evaluateSequential(FindOps.java:152)
	at java.util.stream.AbstractPipeline.evaluate(AbstractPipeline.java:234)
	at java.util.stream.ReferencePipeline.findFirst(ReferencePipeline.java:464)
	at org.openqa.selenium.remote.ProtocolHandshake.createSession(ProtocolHandshake.java:128)
	at org.openqa.selenium.remote.ProtocolHandshake.createSession(ProtocolHandshake.java:74)
	at org.openqa.selenium.remote.HttpCommandExecutor.execute(HttpCommandExecutor.java:136)
	at org.openqa.selenium.remote.service.DriverCommandExecutor.execute(DriverCommandExecutor.java:83)
	at org.openqa.selenium.remote.RemoteWebDriver.execute(RemoteWebDriver.java:552)
	at org.openqa.selenium.remote.RemoteWebDriver.startSession(RemoteWebDriver.java:213)
	at org.openqa.selenium.remote.RemoteWebDriver.&lt;init&gt;(RemoteWebDriver.java:131)
	at org.openqa.selenium.chrome.ChromeDriver.&lt;init&gt;(ChromeDriver.java:181)
	at org.openqa.selenium.chrome.ChromeDriver.&lt;init&gt;(ChromeDriver.java:168)
	at org.openqa.selenium.chrome.ChromeDriver.&lt;init&gt;(ChromeDriver.java:123)
	at Base.MVNconfig.setupbrowser(MVNconfig.java:23)
	at java.util.concurrent.FutureTask.run(FutureTask.java:266)
	at java.util.concurrent.ThreadPoolExecutor.runWorker(ThreadPoolExecutor.java:1149)
	at java.util.concurrent.ThreadPoolExecutor$Worker.run(ThreadPoolExecutor.java:624)
	at java.lang.Thread.run(Thread.java:748)
... Removed 22 stack frames</div></td></tr></table><p class="totop"><a href="#summary">back to summary</a></p><h3 id="m2">AmazonTest.amazonCartTest#closebrower</h3><table class="result"><tr><th>Exception</th></tr><tr><td><div class="stacktrace">java.lang.NullPointerException
	at Base.MVNconfig.closebrower(MVNconfig.java:42)
	at java.util.concurrent.FutureTask.run(FutureTask.java:266)
	at java.util.concurrent.ThreadPoolExecutor.runWorker(ThreadPoolExecutor.java:1149)
	at java.util.concurrent.ThreadPoolExecutor$Worker.run(ThreadPoolExecutor.java:624)
	at java.lang.Thread.run(Thread.java:748)
... Removed 18 stack frames</div></td></tr></table><p class="totop"><a href="#summary">back to summary</a></p><h3 id="m3">AmazonTest.amazonCartTest#setupbrowser</h3><table class="result"><tr class="param"><th>Parameter #1</th></tr><tr class="param stripe"><td>chrome</td></tr><tr><th>Exception</th></tr><tr><td><div class="stacktrace">org.openqa.selenium.SessionNotCreatedException: session not created: This version of ChromeDriver only supports Chrome version 77
Build info: version: &apos;3.141.59&apos;, revision: &apos;e82be7d358&apos;, time: &apos;2018-11-14T08:17:03&apos;
System info: host: &apos;MDs-MacBook-Air.fios-router.home&apos;, ip: &apos;fe80:0:0:0:18ab:43e7:3cff:7183%en0&apos;, os.name: &apos;Mac OS X&apos;, os.arch: &apos;x86_64&apos;, os.version: &apos;10.15.2&apos;, java.version: &apos;1.8.0_221&apos;
Driver info: driver.version: ChromeDriver
remote stacktrace: 0   chromedriver                        0x0000000105930f09 chromedriver + 3694345
1   chromedriver                        0x00000001058bdfd3 chromedriver + 3223507
2   chromedriver                        0x000000010565d58f chromedriver + 730511
3   chromedriver                        0x00000001055c310b chromedriver + 98571
4   chromedriver                        0x00000001055bf22a chromedriver + 82474
5   chromedriver                        0x00000001055ecb71 chromedriver + 269169
6   chromedriver                        0x00000001055e9e83 chromedriver + 257667
7   chromedriver                        0x00000001055c523d chromedriver + 107069
8   chromedriver                        0x00000001055c61d5 chromedriver + 111061
9   chromedriver                        0x00000001058ec07f chromedriver + 3412095
10  chromedriver                        0x00000001058f8ced chromedriver + 3464429
11  chromedriver                        0x00000001058f8a78 chromedriver + 3463800
12  chromedriver                        0x00000001058cb959 chromedriver + 3279193
13  chromedriver                        0x00000001058f9548 chromedriver + 3466568
14  chromedriver                        0x00000001058e01b7 chromedriver + 3363255
15  chromedriver                        0x0000000105917474 chromedriver + 3589236
16  chromedriver                        0x0000000105936ce7 chromedriver + 3718375
17  libsystem_pthread.dylib             0x00007fff7398ae65 _pthread_start + 148
18  libsystem_pthread.dylib             0x00007fff7398683b thread_start + 15

	at org.openqa.selenium.remote.W3CHandshakeResponse.lambda$errorHandler$0(W3CHandshakeResponse.java:62)
	at org.openqa.selenium.remote.HandshakeResponse.lambda$getResponseFunction$0(HandshakeResponse.java:30)
	at org.openqa.selenium.remote.ProtocolHandshake.lambda$createSession$0(ProtocolHandshake.java:126)
	at java.util.stream.ReferencePipeline$3$1.accept(ReferencePipeline.java:193)
	at java.util.Spliterators$ArraySpliterator.tryAdvance(Spliterators.java:958)
	at java.util.stream.ReferencePipeline.forEachWithCancel(ReferencePipeline.java:126)
	at java.util.stream.AbstractPipeline.copyIntoWithCancel(AbstractPipeline.java:499)
	at java.util.stream.AbstractPipeline.copyInto(AbstractPipeline.java:486)
	at java.util.stream.AbstractPipeline.wrapAndCopyInto(AbstractPipeline.java:472)
	at java.util.stream.FindOps$FindOp.evaluateSequential(FindOps.java:152)
	at java.util.stream.AbstractPipeline.evaluate(AbstractPipeline.java:234)
	at java.util.stream.ReferencePipeline.findFirst(ReferencePipeline.java:464)
	at org.openqa.selenium.remote.ProtocolHandshake.createSession(ProtocolHandshake.java:128)
	at org.openqa.selenium.remote.ProtocolHandshake.createSession(ProtocolHandshake.java:74)
	at org.openqa.selenium.remote.HttpCommandExecutor.execute(HttpCommandExecutor.java:136)
	at org.openqa.selenium.remote.service.DriverCommandExecutor.execute(DriverCommandExecutor.java:83)
	at org.openqa.selenium.remote.RemoteWebDriver.execute(RemoteWebDriver.java:552)
	at org.openqa.selenium.remote.RemoteWebDriver.startSession(RemoteWebDriver.java:213)
	at org.openqa.selenium.remote.RemoteWebDriver.&lt;init&gt;(RemoteWebDriver.java:131)
	at org.openqa.selenium.chrome.ChromeDriver.&lt;init&gt;(ChromeDriver.java:181)
	at org.openqa.selenium.chrome.ChromeDriver.&lt;init&gt;(ChromeDriver.java:168)
	at org.openqa.selenium.chrome.ChromeDriver.&lt;init&gt;(ChromeDriver.java:123)
	at Base.MVNconfig.setupbrowser(MVNconfig.java:23)
	at java.util.concurrent.FutureTask.run(FutureTask.java:266)
	at java.util.concurrent.ThreadPoolExecutor.runWorker(ThreadPoolExecutor.java:1149)
	at java.util.concurrent.ThreadPoolExecutor$Worker.run(ThreadPoolExecutor.java:624)
	at java.lang.Thread.run(Thread.java:748)
... Removed 22 stack frames</div></td></tr></table><p class="totop"><a href="#summary">back to summary</a></p><h3 id="m4">AmazonTest.AmazonHomepage$AmazonHmPage#AzHomepage</h3><table class="result"><tr><th>Exception</th></tr><tr><td><div class="stacktrace">java.lang.NullPointerException
	at AmazonTest.AmazonHomepage$AmazonHmPage.AzHomepage(AmazonHomepage.java:33)
	at java.util.concurrent.FutureTask.run(FutureTask.java:266)
	at java.util.concurrent.ThreadPoolExecutor.runWorker(ThreadPoolExecutor.java:1149)
	at java.util.concurrent.ThreadPoolExecutor$Worker.run(ThreadPoolExecutor.java:624)
	at java.lang.Thread.run(Thread.java:748)
... Removed 16 stack frames</div></td></tr></table><p class="totop"><a href="#summary">back to summary</a></p><h3 id="m5">AmazonTest.AmazonSignin#azSignIn</h3><table class="result"><tr><th>Exception</th></tr><tr><td><div class="stacktrace">org.openqa.selenium.SessionNotCreatedException: session not created: This version of ChromeDriver only supports Chrome version 77
Build info: version: &apos;3.141.59&apos;, revision: &apos;e82be7d358&apos;, time: &apos;2018-11-14T08:17:03&apos;
System info: host: &apos;MDs-MacBook-Air.fios-router.home&apos;, ip: &apos;fe80:0:0:0:18ab:43e7:3cff:7183%en0&apos;, os.name: &apos;Mac OS X&apos;, os.arch: &apos;x86_64&apos;, os.version: &apos;10.15.2&apos;, java.version: &apos;1.8.0_221&apos;
Driver info: driver.version: ChromeDriver
remote stacktrace: 0   chromedriver                        0x0000000102d10f09 chromedriver + 3694345
1   chromedriver                        0x0000000102c9dfd3 chromedriver + 3223507
2   chromedriver                        0x0000000102a3d58f chromedriver + 730511
3   chromedriver                        0x00000001029a310b chromedriver + 98571
4   chromedriver                        0x000000010299f22a chromedriver + 82474
5   chromedriver                        0x00000001029ccb71 chromedriver + 269169
6   chromedriver                        0x00000001029c9e83 chromedriver + 257667
7   chromedriver                        0x00000001029a523d chromedriver + 107069
8   chromedriver                        0x00000001029a61d5 chromedriver + 111061
9   chromedriver                        0x0000000102ccc07f chromedriver + 3412095
10  chromedriver                        0x0000000102cd8ced chromedriver + 3464429
11  chromedriver                        0x0000000102cd8a78 chromedriver + 3463800
12  chromedriver                        0x0000000102cab959 chromedriver + 3279193
13  chromedriver                        0x0000000102cd9548 chromedriver + 3466568
14  chromedriver                        0x0000000102cc01b7 chromedriver + 3363255
15  chromedriver                        0x0000000102cf7474 chromedriver + 3589236
16  chromedriver                        0x0000000102d16ce7 chromedriver + 3718375
17  libsystem_pthread.dylib             0x00007fff7398ae65 _pthread_start + 148
18  libsystem_pthread.dylib             0x00007fff7398683b thread_start + 15

	at org.openqa.selenium.remote.W3CHandshakeResponse.lambda$errorHandler$0(W3CHandshakeResponse.java:62)
	at org.openqa.selenium.remote.HandshakeResponse.lambda$getResponseFunction$0(HandshakeResponse.java:30)
	at org.openqa.selenium.remote.ProtocolHandshake.lambda$createSession$0(ProtocolHandshake.java:126)
	at java.util.stream.ReferencePipeline$3$1.accept(ReferencePipeline.java:193)
	at java.util.Spliterators$ArraySpliterator.tryAdvance(Spliterators.java:958)
	at java.util.stream.ReferencePipeline.forEachWithCancel(ReferencePipeline.java:126)
	at java.util.stream.AbstractPipeline.copyIntoWithCancel(AbstractPipeline.java:499)
	at java.util.stream.AbstractPipeline.copyInto(AbstractPipeline.java:486)
	at java.util.stream.AbstractPipeline.wrapAndCopyInto(AbstractPipeline.java:472)
	at java.util.stream.FindOps$FindOp.evaluateSequential(FindOps.java:152)
	at java.util.stream.AbstractPipeline.evaluate(AbstractPipeline.java:234)
	at java.util.stream.ReferencePipeline.findFirst(ReferencePipeline.java:464)
	at org.openqa.selenium.remote.ProtocolHandshake.createSession(ProtocolHandshake.java:128)
	at org.openqa.selenium.remote.ProtocolHandshake.createSession(ProtocolHandshake.java:74)
	at org.openqa.selenium.remote.HttpCommandExecutor.execute(HttpCommandExecutor.java:136)
	at org.openqa.selenium.remote.service.DriverCommandExecutor.execute(DriverCommandExecutor.java:83)
	at org.openqa.selenium.remote.RemoteWebDriver.execute(RemoteWebDriver.java:552)
	at org.openqa.selenium.remote.RemoteWebDriver.startSession(RemoteWebDriver.java:213)
	at org.openqa.selenium.remote.RemoteWebDriver.&lt;init&gt;(RemoteWebDriver.java:131)
	at org.openqa.selenium.chrome.ChromeDriver.&lt;init&gt;(ChromeDriver.java:181)
	at org.openqa.selenium.chrome.ChromeDriver.&lt;init&gt;(ChromeDriver.java:168)
	at org.openqa.selenium.chrome.ChromeDriver.&lt;init&gt;(ChromeDriver.java:123)
	at Base.MVNconfig.setupbrowser(MVNconfig.java:23)
	at java.util.concurrent.FutureTask.run(FutureTask.java:266)
	at java.util.concurrent.ThreadPoolExecutor.runWorker(ThreadPoolExecutor.java:1149)
	at java.util.concurrent.ThreadPoolExecutor$Worker.run(ThreadPoolExecutor.java:624)
	at java.lang.Thread.run(Thread.java:748)
... Removed 22 stack frames</div></td></tr></table><p class="totop"><a href="#summary">back to summary</a></p><h3 id="m6">AmazonTest.amazonCartTest#AddToCart</h3><table class="result"><tr><th>Exception</th></tr><tr><td><div class="stacktrace">org.openqa.selenium.SessionNotCreatedException: session not created: This version of ChromeDriver only supports Chrome version 77
Build info: version: &apos;3.141.59&apos;, revision: &apos;e82be7d358&apos;, time: &apos;2018-11-14T08:17:03&apos;
System info: host: &apos;MDs-MacBook-Air.fios-router.home&apos;, ip: &apos;fe80:0:0:0:18ab:43e7:3cff:7183%en0&apos;, os.name: &apos;Mac OS X&apos;, os.arch: &apos;x86_64&apos;, os.version: &apos;10.15.2&apos;, java.version: &apos;1.8.0_221&apos;
Driver info: driver.version: ChromeDriver
remote stacktrace: 0   chromedriver                        0x0000000105930f09 chromedriver + 3694345
1   chromedriver                        0x00000001058bdfd3 chromedriver + 3223507
2   chromedriver                        0x000000010565d58f chromedriver + 730511
3   chromedriver                        0x00000001055c310b chromedriver + 98571
4   chromedriver                        0x00000001055bf22a chromedriver + 82474
5   chromedriver                        0x00000001055ecb71 chromedriver + 269169
6   chromedriver                        0x00000001055e9e83 chromedriver + 257667
7   chromedriver                        0x00000001055c523d chromedriver + 107069
8   chromedriver                        0x00000001055c61d5 chromedriver + 111061
9   chromedriver                        0x00000001058ec07f chromedriver + 3412095
10  chromedriver                        0x00000001058f8ced chromedriver + 3464429
11  chromedriver                        0x00000001058f8a78 chromedriver + 3463800
12  chromedriver                        0x00000001058cb959 chromedriver + 3279193
13  chromedriver                        0x00000001058f9548 chromedriver + 3466568
14  chromedriver                        0x00000001058e01b7 chromedriver + 3363255
15  chromedriver                        0x0000000105917474 chromedriver + 3589236
16  chromedriver                        0x0000000105936ce7 chromedriver + 3718375
17  libsystem_pthread.dylib             0x00007fff7398ae65 _pthread_start + 148
18  libsystem_pthread.dylib             0x00007fff7398683b thread_start + 15

	at org.openqa.selenium.remote.W3CHandshakeResponse.lambda$errorHandler$0(W3CHandshakeResponse.java:62)
	at org.openqa.selenium.remote.HandshakeResponse.lambda$getResponseFunction$0(HandshakeResponse.java:30)
	at org.openqa.selenium.remote.ProtocolHandshake.lambda$createSession$0(ProtocolHandshake.java:126)
	at java.util.stream.ReferencePipeline$3$1.accept(ReferencePipeline.java:193)
	at java.util.Spliterators$ArraySpliterator.tryAdvance(Spliterators.java:958)
	at java.util.stream.ReferencePipeline.forEachWithCancel(ReferencePipeline.java:126)
	at java.util.stream.AbstractPipeline.copyIntoWithCancel(AbstractPipeline.java:499)
	at java.util.stream.AbstractPipeline.copyInto(AbstractPipeline.java:486)
	at java.util.stream.AbstractPipeline.wrapAndCopyInto(AbstractPipeline.java:472)
	at java.util.stream.FindOps$FindOp.evaluateSequential(FindOps.java:152)
	at java.util.stream.AbstractPipeline.evaluate(AbstractPipeline.java:234)
	at java.util.stream.ReferencePipeline.findFirst(ReferencePipeline.java:464)
	at org.openqa.selenium.remote.ProtocolHandshake.createSession(ProtocolHandshake.java:128)
	at org.openqa.selenium.remote.ProtocolHandshake.createSession(ProtocolHandshake.java:74)
	at org.openqa.selenium.remote.HttpCommandExecutor.execute(HttpCommandExecutor.java:136)
	at org.openqa.selenium.remote.service.DriverCommandExecutor.execute(DriverCommandExecutor.java:83)
	at org.openqa.selenium.remote.RemoteWebDriver.execute(RemoteWebDriver.java:552)
	at org.openqa.selenium.remote.RemoteWebDriver.startSession(RemoteWebDriver.java:213)
	at org.openqa.selenium.remote.RemoteWebDriver.&lt;init&gt;(RemoteWebDriver.java:131)
	at org.openqa.selenium.chrome.ChromeDriver.&lt;init&gt;(ChromeDriver.java:181)
	at org.openqa.selenium.chrome.ChromeDriver.&lt;init&gt;(ChromeDriver.java:168)
	at org.openqa.selenium.chrome.ChromeDriver.&lt;init&gt;(ChromeDriver.java:123)
	at Base.MVNconfig.setupbrowser(MVNconfig.java:23)
	at java.util.concurrent.FutureTask.run(FutureTask.java:266)
	at java.util.concurrent.ThreadPoolExecutor.runWorker(ThreadPoolExecutor.java:1149)
	at java.util.concurrent.ThreadPoolExecutor$Worker.run(ThreadPoolExecutor.java:624)
	at java.lang.Thread.run(Thread.java:748)
... Removed 22 stack frames</div></td></tr></table><p class="totop"><a href="#summary">back to summary</a></p><h3 id="m7">AmazonTest.AmazonHomepage$AmazonHmPage#AzLogin</h3><table class="result"></table><p class="totop"><a href="#summary">back to summary</a></p><h3 id="m8">AmazonTest.AmazonHomepage$AmazonHmPage#amazonlogoTest</h3><table class="result"></table><p class="totop"><a href="#summary">back to summary</a></p><h3 id="m9">AmazonTest.AmazonHomepage$AmazonHmPage#demo</h3><table class="result"></table><p class="totop"><a href="#summary">back to summary</a></p><h3 id="m10">AmazonTest.AmazonHomepage$AmazonHmPage#demo2</h3><table class="result"></table><p class="totop"><a href="#summary">back to summary</a></p><h3 id="m11">AmazonTest.AmazonHomepage$AmazonHmPage#demo3</h3><table class="result"></table><p class="totop"><a href="#summary">back to summary</a></p><h3 id="m12">AmazonTest.AmazonHomepage$AmazonHmPage#demo4</h3><table class="result"></table><p class="totop"><a href="#summary">back to summary</a></p><h3 id="m13">AmazonTest.AmazonHomepage$AmazonHmPage#tittle</h3><table class="result"></table><p class="totop"><a href="#summary">back to summary</a></p></body></html>